ale//b91d82bfaa395bb86b3ea51f63cc8cef05e90f98
delimitMate//728b57a6564c1d2bdfb9b9e0f2f8c5ba3d7e0c5c
fugitive-gitlab.vim//f3e56ff60fe3fb5ebc891cbe5fd12cd8c59ae6ef
fzf//c03c058bd52f14f6eba57e83864ad5a78c5e57b9
fzf.vim//98cf39949b617b9f3a47d2e092af573060022301
gv.vim//7a84f6342cc79444e3fa873bf1d08fb6c53b097e
lightline.vim//e6f282f5e9ae931f0b404dd15aab2e5e249ae092
spelunker.vim//e62b1d494c531747f6d6fe5dfd29dc85c57fe6f0
suda.vim//a0c7068dffcc52407e3bd7b2f6b5aead3089e23e
vim-abolish//7e4da6e78002344d499af9b6d8d5d6fcd7c92125
vim-commentary//f8238d70f873969fb41bf6a6b07ca63a4c0b82b1
vim-css3-syntax//1e61ba9b5df0aa7dc825a991edcec12b355d39a9
vim-dirvish//4d7b4d4e2db72e95ea03c6ef757b01cbc128179e
vim-dispatch//1206e1474fc613caeb1ba56d36b71d7f9f7760ac
vim-easymotion//85e90c9759e14633d878ed534ef313876ab96555
vim-eunuch//75efe06ccc63b7cd50b193b99cce83e3ad3e60cb
vim-fugitive//13fdeb5fa7f464266163f405f42322e6fb0d3067
vim-graphql//61e342c4facd5cbc645104262e866882ea1cf5c3
vim-grepper//d8fa51d4fa99221511dc8b9e2eb1cba23a9b0c20
vim-gutentags//eb9e57f579d2ef747be25a7a4ec5add6fe5ca3d9
vim-highlightedyank//51e25c9fa3bd2dca500ee0c910a45641d57a57fa
vim-javascript//2e4a8c485cdf601bb2f2761ea68c09750a0b82e0
vim-js-file-import//e6740a66fee51331300eddfa13616a0dac741489
vim-jsx-pretty//8b96cea873612b35ddfd7aef4b6c21f991103f0f
vim-merginal//b534737cbbcec1992e3465d5508857bef91b37fc
vim-obsession//c44d3c432243d39469046f4e25d38a690e49c755
vim-pasta//cb4501a123d74fc7d66ac9f10b80c9d393746c66
vim-repeat//c947ad2b6a16983724a0153bdf7f66d7a80a32ca
vim-rhubarb//5130596a65330a4e8523d3ac1582f6c31ea6bc63
vim-solarized8//cd5e87ccfa6a782e8058255b91af94a45b7603e0
vim-styled-components//424563c8b0335c51d03b1725c7c9fac94187e78c
vim-surround//e4c4cc0f816515fbb7e87076a988604b2d163daa
vim-trailing-whitespace//4c596548216b7c19971f8fc94e38ef1a2b55fee6
vim-visual-star-search//37259722f45996733fd309add61385a4ad88bdb9
workflowish//0cab131c89311ab14642c2f43a40fb81c03bd9b8
