ack.vim//36e40f9ec91bdbf6f1adf408522a73a6925c3042
ale//1c71da5624fc46107cda4852add08fe34385dfd9
delimitMate//728b57a6564c1d2bdfb9b9e0f2f8c5ba3d7e0c5c
fzf.vim//91ed5f4b39b6e4a2ca50be1c8cec7e1148145fab
gv.vim//3296bbf58d2ca38f12595cbfefd4816dd19f3fb5
lightline.vim//80c242c3c5394fd5143b5d7e2741989ba04ae46a
spelunker.vim//de128ddf2f7fe6c3342f5c84cba6f5e8ed8f2113
tabular//339091ac4dd1f17e225fe7d57b48aff55f99b23a
vim-abolish//b95463a1cffd8fc9aff2a1ff0ae9327944948699
vim-commentary//141d9d32a9fb58fe474fcc89cd7221eb2dd57b3a
vim-css-color//5a31c72cc51cb11118e44fb50ff77fc596348f77
vim-css3-syntax//22c5e8078ddee05c2f447442be5542839aea042c
vim-dirvish//5a51bf3d52054990beef3221ec3a03d4ea9188e3
vim-easymotion//85e90c9759e14633d878ed534ef313876ab96555
vim-eunuch//e066a0999e442d9d96f24ad9d203b1bd030ef72e
vim-fugitive//6d42c7df44aa20252e5dac747c3ac9fa7450b21b
vim-graphql//792c7bcb138c1e787a7527f16ce63e8cf53df6ba
vim-gutentags//eecb136fae97e30d5f01e71f0d3b775c8b017385
vim-javascript//ee445807a71ee6933cd6cbcd74940bc288815793
vim-js-file-import//e6740a66fee51331300eddfa13616a0dac741489
vim-jsx//ffc0bfd9da15d0fce02d117b843f718160f7ad27
vim-pasta//cb4501a123d74fc7d66ac9f10b80c9d393746c66
vim-prettier//70ece1feb023a8d2e7e08183b533e4b75df2707c
vim-repeat//0b9b5e742f67bc81ae4a1f79318549d3afc90b13
vim-solarized8//b36b068a5694fa3f2d80286e18534106c13c51b6
vim-styled-components//99f4b27d66b0ddcdbcad0423a730d33e0d9599c3
vim-surround//ca58a2d886cc18734c90c9665da4775d444b0c04
vim-trailing-whitespace//4c596548216b7c19971f8fc94e38ef1a2b55fee6
workflowish//0cab131c89311ab14642c2f43a40fb81c03bd9b8
